<?xml version="1.0" encoding="UTF-8"?><testsuite errors="2" failures="0" name="Traductor" skipped="0" tests="2" time="9.58" timestamp="2021-09-16 08:45:12"><testcase name="Traducir de Ingles a Espaniol"><error message="The following error occurred: javascript error: Failed to set the 'innerHTML' property on 'Element': This document requires 'TrustedHTML' assignment.&#10;  (Session info: chrome=93.0.4577.82)&#10;Build info: version: '3.11.0', revision: 'e59cfb3', time: '2018-03-11T20:26:55.152Z'&#10;System info: host: 'CHMEPH91RQ93', ip: '192.168.1.19', os.name: 'Windows 10', os.arch: 'amd64', os.version: '10.0', java.version: '1.8.0_131'&#10;Driver info: org.openqa.selenium.remote.RemoteWebDriver&#10;Capabilities {acceptInsecureCerts: false, browserName: chrome, browserVersion: 93.0.4577.82, chrome: {chromedriverVersion: 93.0.4577.15 (660fc11082ba5..., userDataDir: C:\Users\fubaldea\AppData\L...}, goog:chromeOptions: {debuggerAddress: localhost:52069}, javascriptEnabled: true, networkConnectionEnabled: false, pageLoadStrategy: normal, platform: WINDOWS, platformName: WINDOWS, proxy: Proxy(), setWindowRect: true, strictFileInteractability: false, timeouts: {implicit: 0, pageLoad: 300000, script: 30000}, unhandledPromptBehavior: dismiss and notify, webauthn:extension:credBlob: true, webauthn:extension:largeBlob: true, webauthn:virtualAuthenticators: true}&#10;Session ID: 3d037ea0f3537c5ce670725bc127d92a" type="org.openqa.selenium.JavascriptException">The following error occurred: javascript error: Failed to set the 'innerHTML' property on 'Element': This document requires 'TrustedHTML' assignment.
  (Session info: chrome=93.0.4577.82)
Build info: version: '3.11.0', revision: 'e59cfb3', time: '2018-03-11T20:26:55.152Z'
System info: host: 'CHMEPH91RQ93', ip: '192.168.1.19', os.name: 'Windows 10', os.arch: 'amd64', os.version: '10.0', java.version: '1.8.0_131'
Driver info: org.openqa.selenium.remote.RemoteWebDriver
Capabilities {acceptInsecureCerts: false, browserName: chrome, browserVersion: 93.0.4577.82, chrome: {chromedriverVersion: 93.0.4577.15 (660fc11082ba5..., userDataDir: C:\Users\fubaldea\AppData\L...}, goog:chromeOptions: {debuggerAddress: localhost:52069}, javascriptEnabled: true, networkConnectionEnabled: false, pageLoadStrategy: normal, platform: WINDOWS, platformName: WINDOWS, proxy: Proxy(), setWindowRect: true, strictFileInteractability: false, timeouts: {implicit: 0, pageLoad: 300000, script: 30000}, unhandledPromptBehavior: dismiss and notify, webauthn:extension:credBlob: true, webauthn:extension:largeBlob: true, webauthn:virtualAuthenticators: true}
Session ID: 3d037ea0f3537c5ce670725bc127d92a</error><system-err>The following error occurred: javascript error: Failed to set the 'innerHTML' property on 'Element': This document requires 'TrustedHTML' assignment.
  (Session info: chrome=93.0.4577.82)
Build info: version: '3.11.0', revision: 'e59cfb3', time: '2018-03-11T20:26:55.152Z'
System info: host: 'CHMEPH91RQ93', ip: '192.168.1.19', os.name: 'Windows 10', os.arch: 'amd64', os.version: '10.0', java.version: '1.8.0_131'
Driver info: org.openqa.selenium.remote.RemoteWebDriver
Capabilities {acceptInsecureCerts: false, browserName: chrome, browserVersion: 93.0.4577.82, chrome: {chromedriverVersion: 93.0.4577.15 (660fc11082ba5..., userDataDir: C:\Users\fubaldea\AppData\L...}, goog:chromeOptions: {debuggerAddress: localhost:52069}, javascriptEnabled: true, networkConnectionEnabled: false, pageLoadStrategy: normal, platform: WINDOWS, platformName: WINDOWS, proxy: Proxy(), setWindowRect: true, strictFileInteractability: false, timeouts: {implicit: 0, pageLoad: 300000, script: 30000}, unhandledPromptBehavior: dismiss and notify, webauthn:extension:credBlob: true, webauthn:extension:largeBlob: true, webauthn:virtualAuthenticators: true}
Session ID: 3d037ea0f3537c5ce670725bc127d92a&#13;
traductor_google.tasks.OpenUp.performAs(OpenUp.java:17)&#13;
traductor_google.stepdefinitions.GoogleTraductorStepDefinitions.queYeisonQuiereUsarElTraductorDeGoogle(GoogleTraductorStepDefinitions.java:27)&#13;
cucumber.runner.Runner.runPickle(Runner.java:80)&#13;
</system-err></testcase></testsuite>