<?xml version="1.0" encoding="UTF-8"?><testsuite errors="1" failures="0" name="Traductor google datadriven" skipped="0" tests="1" time="11.29" timestamp="2021-09-14 02:44:17"><testcase name="Traducir de Inglés a Español"><error message="Arity mismatch: Step Definition 'traductor_google.stepdefinitions.GoogleTraductorStepDefinitions.elDeberiaVerEnLaPantallaLaPalabraTraducidaDelIdiomaOrigenAIdiomaDestino(String) in file:/C:/Users/fubaldea/IdeaProjects/traductor_google/build/classes/java/test/' with pattern [^el deberia ver en la pantalla la palabra traducida del idioma origen a (.*)$] is declared with 1 parameters. However, the gherkin step has 2 arguments [idioma destino, Table:[[palabrae], [mesa]]]. &#10;Step text: el deberia ver en la pantalla la palabra traducida del idioma origen a idioma destino" type="cucumber.runtime.CucumberException">Arity mismatch: Step Definition 'traductor_google.stepdefinitions.GoogleTraductorStepDefinitions.elDeberiaVerEnLaPantallaLaPalabraTraducidaDelIdiomaOrigenAIdiomaDestino(String) in file:/C:/Users/fubaldea/IdeaProjects/traductor_google/build/classes/java/test/' with pattern [^el deberia ver en la pantalla la palabra traducida del idioma origen a (.*)$] is declared with 1 parameters. However, the gherkin step has 2 arguments [idioma destino, Table:[[palabrae], [mesa]]]. 
Step text: el deberia ver en la pantalla la palabra traducida del idioma origen a idioma destino</error><system-err>Arity mismatch: Step Definition 'traductor_google.stepdefinitions.GoogleTraductorStepDefinitions.elDeberiaVerEnLaPantallaLaPalabraTraducidaDelIdiomaOrigenAIdiomaDestino(String) in file:/C:/Users/fubaldea/IdeaProjects/traductor_google/build/classes/java/test/' with pattern [^el deberia ver en la pantalla la palabra traducida del idioma origen a (.*)$] is declared with 1 parameters. However, the gherkin step has 2 arguments [idioma destino, Table:[[palabrae], [mesa]]]. 
Step text: el deberia ver en la pantalla la palabra traducida del idioma origen a idioma destino&#13;
cucumber.runner.Runner.runPickle(Runner.java:80)&#13;
</system-err></testcase></testsuite>